<?xml version="1.0" encoding="UTF-8"?>
<testsuite xmlns:xsi="http://www.w3.org/2001/XMLSchema-instance" xsi:noNamespaceSchemaLocation="https://maven.apache.org/surefire/maven-surefire-plugin/xsd/surefire-test-report.xsd" name="com.client.logic.FoodSurveyTest" time="0" tests="7" errors="0" skipped="0" failures="0">
  <properties>
    <property name="sun.desktop" value="windows"/>
    <property name="awt.toolkit" value="sun.awt.windows.WToolkit"/>
    <property name="java.specification.version" value="11"/>
    <property name="sun.cpu.isalist" value="amd64"/>
    <property name="sun.jnu.encoding" value="Cp1252"/>
    <property name="java.class.path" value="C:\Users\Juan Diego\Documents\Delft\Computer Science\1st Year\3rd Quarter\OPP\target\test-classes;C:\Users\Juan Diego\Documents\Delft\Computer Science\1st Year\3rd Quarter\OPP\target\classes;C:\Users\Juan Diego\.m2\repository\junit\junit\4.13-beta-2\junit-4.13-beta-2.jar;C:\Users\Juan Diego\.m2\repository\org\hamcrest\hamcrest-core\1.3\hamcrest-core-1.3.jar;C:\Users\Juan Diego\.m2\repository\com\jfoenix\jfoenix\9.0.8\jfoenix-9.0.8.jar;C:\Users\Juan Diego\.m2\repository\org\openjfx\javafx-base\11.0.2\javafx-base-11.0.2.jar;C:\Users\Juan Diego\.m2\repository\org\openjfx\javafx-base\11.0.2\javafx-base-11.0.2-win.jar;C:\Users\Juan Diego\.m2\repository\org\openjfx\javafx-controls\11.0.2\javafx-controls-11.0.2.jar;C:\Users\Juan Diego\.m2\repository\org\openjfx\javafx-controls\11.0.2\javafx-controls-11.0.2-win.jar;C:\Users\Juan Diego\.m2\repository\org\openjfx\javafx-graphics\11.0.2\javafx-graphics-11.0.2.jar;C:\Users\Juan Diego\.m2\repository\org\openjfx\javafx-graphics\11.0.2\javafx-graphics-11.0.2-win.jar;C:\Users\Juan Diego\.m2\repository\org\openjfx\javafx-fxml\11.0.2\javafx-fxml-11.0.2.jar;C:\Users\Juan Diego\.m2\repository\org\openjfx\javafx-fxml\11.0.2\javafx-fxml-11.0.2-win.jar;C:\Users\Juan Diego\.m2\repository\com\sun\mail\javax.mail\1.6.2\javax.mail-1.6.2.jar;C:\Users\Juan Diego\.m2\repository\javax\activation\activation\1.1\activation-1.1.jar;C:\Users\Juan Diego\.m2\repository\org\junit\jupiter\junit-jupiter-api\5.3.2\junit-jupiter-api-5.3.2.jar;C:\Users\Juan Diego\.m2\repository\org\apiguardian\apiguardian-api\1.0.0\apiguardian-api-1.0.0.jar;C:\Users\Juan Diego\.m2\repository\org\opentest4j\opentest4j\1.1.1\opentest4j-1.1.1.jar;C:\Users\Juan Diego\.m2\repository\org\junit\platform\junit-platform-commons\1.3.2\junit-platform-commons-1.3.2.jar;C:\Users\Juan Diego\.m2\repository\org\mockito\mockito-all\1.9.5\mockito-all-1.9.5.jar;C:\Users\Juan Diego\.m2\repository\org\kordamp\ikonli\ikonli-javafx\2.4.0\ikonli-javafx-2.4.0.jar;C:\Users\Juan Diego\.m2\repository\org\kordamp\ikonli\ikonli-core\2.4.0\ikonli-core-2.4.0.jar;C:\Users\Juan Diego\.m2\repository\org\kordamp\ikonli\ikonli-fontawesome-pack\2.3.0\ikonli-fontawesome-pack-2.3.0.jar;C:\Users\Juan Diego\.m2\repository\org\kordamp\ikonli\ikonli-icomoon-pack\11.1.0\ikonli-icomoon-pack-11.1.0.jar;C:\Users\Juan Diego\.m2\repository\eu\hansolo\tilesfx\11.1\tilesfx-11.1.jar;C:\Users\Juan Diego\.m2\repository\com\googlecode\json-simple\json-simple\1.1.1\json-simple-1.1.1.jar;C:\Users\Juan Diego\.m2\repository\org\openjfx\javafx-controls\11.0.2\javafx-controls-11.0.2-mac.jar;C:\Users\Juan Diego\.m2\repository\org\openjfx\javafx-base\11.0.2\javafx-base-11.0.2-mac.jar;C:\Users\Juan Diego\.m2\repository\org\openjfx\javafx-media\11.0.2\javafx-media-11.0.2-mac.jar;C:\Users\Juan Diego\.m2\repository\org\openjfx\javafx-media\11.0.2\javafx-media-11.0.2-win.jar;C:\Users\Juan Diego\.m2\repository\org\openjfx\javafx-web\11.0.2\javafx-web-11.0.2-mac.jar;C:\Users\Juan Diego\.m2\repository\org\openjfx\javafx-web\11.0.2\javafx-web-11.0.2-win.jar;C:\Users\Juan Diego\.m2\repository\org\openjfx\javafx-media\11.0.2\javafx-media-11.0.2.jar;C:\Users\Juan Diego\.m2\repository\org\openjfx\javafx-graphics\11.0.2\javafx-graphics-11.0.2-mac.jar;C:\Users\Juan Diego\.m2\repository\org\springframework\boot\spring-boot-starter-web\2.1.3.RELEASE\spring-boot-starter-web-2.1.3.RELEASE.jar;C:\Users\Juan Diego\.m2\repository\org\springframework\boot\spring-boot-starter\2.1.3.RELEASE\spring-boot-starter-2.1.3.RELEASE.jar;C:\Users\Juan Diego\.m2\repository\org\springframework\boot\spring-boot-starter-logging\2.1.3.RELEASE\spring-boot-starter-logging-2.1.3.RELEASE.jar;C:\Users\Juan Diego\.m2\repository\ch\qos\logback\logback-classic\1.2.3\logback-classic-1.2.3.jar;C:\Users\Juan Diego\.m2\repository\ch\qos\logback\logback-core\1.2.3\logback-core-1.2.3.jar;C:\Users\Juan Diego\.m2\repository\org\apache\logging\log4j\log4j-to-slf4j\2.11.2\log4j-to-slf4j-2.11.2.jar;C:\Users\Juan Diego\.m2\repository\org\apache\logging\log4j\log4j-api\2.11.2\log4j-api-2.11.2.jar;C:\Users\Juan Diego\.m2\repository\org\slf4j\jul-to-slf4j\1.7.25\jul-to-slf4j-1.7.25.jar;C:\Users\Juan Diego\.m2\repository\javax\annotation\javax.annotation-api\1.3.2\javax.annotation-api-1.3.2.jar;C:\Users\Juan Diego\.m2\repository\org\yaml\snakeyaml\1.23\snakeyaml-1.23.jar;C:\Users\Juan Diego\.m2\repository\org\springframework\boot\spring-boot-starter-json\2.1.3.RELEASE\spring-boot-starter-json-2.1.3.RELEASE.jar;C:\Users\Juan Diego\.m2\repository\com\fasterxml\jackson\core\jackson-databind\2.9.8\jackson-databind-2.9.8.jar;C:\Users\Juan Diego\.m2\repository\com\fasterxml\jackson\core\jackson-annotations\2.9.0\jackson-annotations-2.9.0.jar;C:\Users\Juan Diego\.m2\repository\com\fasterxml\jackson\core\jackson-core\2.9.8\jackson-core-2.9.8.jar;C:\Users\Juan Diego\.m2\repository\com\fasterxml\jackson\datatype\jackson-datatype-jdk8\2.9.8\jackson-datatype-jdk8-2.9.8.jar;C:\Users\Juan Diego\.m2\repository\com\fasterxml\jackson\datatype\jackson-datatype-jsr310\2.9.8\jackson-datatype-jsr310-2.9.8.jar;C:\Users\Juan Diego\.m2\repository\com\fasterxml\jackson\module\jackson-module-parameter-names\2.9.8\jackson-module-parameter-names-2.9.8.jar;C:\Users\Juan Diego\.m2\repository\org\springframework\boot\spring-boot-starter-tomcat\2.1.3.RELEASE\spring-boot-starter-tomcat-2.1.3.RELEASE.jar;C:\Users\Juan Diego\.m2\repository\org\apache\tomcat\embed\tomcat-embed-core\9.0.16\tomcat-embed-core-9.0.16.jar;C:\Users\Juan Diego\.m2\repository\org\apache\tomcat\embed\tomcat-embed-el\9.0.16\tomcat-embed-el-9.0.16.jar;C:\Users\Juan Diego\.m2\repository\org\apache\tomcat\embed\tomcat-embed-websocket\9.0.16\tomcat-embed-websocket-9.0.16.jar;C:\Users\Juan Diego\.m2\repository\org\hibernate\validator\hibernate-validator\6.0.14.Final\hibernate-validator-6.0.14.Final.jar;C:\Users\Juan Diego\.m2\repository\javax\validation\validation-api\2.0.1.Final\validation-api-2.0.1.Final.jar;C:\Users\Juan Diego\.m2\repository\org\jboss\logging\jboss-logging\3.3.2.Final\jboss-logging-3.3.2.Final.jar;C:\Users\Juan Diego\.m2\repository\com\fasterxml\classmate\1.4.0\classmate-1.4.0.jar;C:\Users\Juan Diego\.m2\repository\org\springframework\spring-web\5.1.5.RELEASE\spring-web-5.1.5.RELEASE.jar;C:\Users\Juan Diego\.m2\repository\org\springframework\spring-beans\5.1.5.RELEASE\spring-beans-5.1.5.RELEASE.jar;C:\Users\Juan Diego\.m2\repository\org\springframework\spring-webmvc\5.1.5.RELEASE\spring-webmvc-5.1.5.RELEASE.jar;C:\Users\Juan Diego\.m2\repository\org\springframework\spring-aop\5.1.5.RELEASE\spring-aop-5.1.5.RELEASE.jar;C:\Users\Juan Diego\.m2\repository\org\springframework\spring-context\5.1.5.RELEASE\spring-context-5.1.5.RELEASE.jar;C:\Users\Juan Diego\.m2\repository\org\springframework\spring-expression\5.1.5.RELEASE\spring-expression-5.1.5.RELEASE.jar;C:\Users\Juan Diego\.m2\repository\org\springframework\boot\spring-boot-starter-test\2.1.3.RELEASE\spring-boot-starter-test-2.1.3.RELEASE.jar;C:\Users\Juan Diego\.m2\repository\org\assertj\assertj-core\3.11.1\assertj-core-3.11.1.jar;C:\Users\Juan Diego\.m2\repository\org\mockito\mockito-core\2.23.4\mockito-core-2.23.4.jar;C:\Users\Juan Diego\.m2\repository\net\bytebuddy\byte-buddy\1.9.10\byte-buddy-1.9.10.jar;C:\Users\Juan Diego\.m2\repository\net\bytebuddy\byte-buddy-agent\1.9.10\byte-buddy-agent-1.9.10.jar;C:\Users\Juan Diego\.m2\repository\org\objenesis\objenesis\2.6\objenesis-2.6.jar;C:\Users\Juan Diego\.m2\repository\org\hamcrest\hamcrest-library\1.3\hamcrest-library-1.3.jar;C:\Users\Juan Diego\.m2\repository\org\skyscreamer\jsonassert\1.5.0\jsonassert-1.5.0.jar;C:\Users\Juan Diego\.m2\repository\com\vaadin\external\google\android-json\0.0.20131108.vaadin1\android-json-0.0.20131108.vaadin1.jar;C:\Users\Juan Diego\.m2\repository\org\springframework\spring-core\5.1.5.RELEASE\spring-core-5.1.5.RELEASE.jar;C:\Users\Juan Diego\.m2\repository\org\springframework\spring-jcl\5.1.5.RELEASE\spring-jcl-5.1.5.RELEASE.jar;C:\Users\Juan Diego\.m2\repository\org\springframework\spring-test\5.1.5.RELEASE\spring-test-5.1.5.RELEASE.jar;C:\Users\Juan Diego\.m2\repository\org\xmlunit\xmlunit-core\2.6.2\xmlunit-core-2.6.2.jar;C:\Users\Juan Diego\.m2\repository\javax\xml\bind\jaxb-api\2.3.1\jaxb-api-2.3.1.jar;C:\Users\Juan Diego\.m2\repository\javax\activation\javax.activation-api\1.2.0\javax.activation-api-1.2.0.jar;C:\Users\Juan Diego\.m2\repository\org\hamcrest\hamcrest-all\1.3\hamcrest-all-1.3.jar;C:\Users\Juan Diego\.m2\repository\com\jayway\jsonpath\json-path\2.4.0\json-path-2.4.0.jar;C:\Users\Juan Diego\.m2\repository\net\minidev\json-smart\2.3\json-smart-2.3.jar;C:\Users\Juan Diego\.m2\repository\net\minidev\accessors-smart\1.2\accessors-smart-1.2.jar;C:\Users\Juan Diego\.m2\repository\org\ow2\asm\asm\5.0.4\asm-5.0.4.jar;C:\Users\Juan Diego\.m2\repository\org\slf4j\slf4j-api\1.7.25\slf4j-api-1.7.25.jar;C:\Users\Juan Diego\.m2\repository\postgresql\postgresql\9.1-901-1.jdbc4\postgresql-9.1-901-1.jdbc4.jar;C:\Users\Juan Diego\.m2\repository\org\springframework\boot\spring-boot-test\2.1.3.RELEASE\spring-boot-test-2.1.3.RELEASE.jar;C:\Users\Juan Diego\.m2\repository\org\springframework\boot\spring-boot\2.1.3.RELEASE\spring-boot-2.1.3.RELEASE.jar;C:\Users\Juan Diego\.m2\repository\org\springframework\boot\spring-boot-test-autoconfigure\2.1.3.RELEASE\spring-boot-test-autoconfigure-2.1.3.RELEASE.jar;C:\Users\Juan Diego\.m2\repository\org\springframework\boot\spring-boot-autoconfigure\2.1.3.RELEASE\spring-boot-autoconfigure-2.1.3.RELEASE.jar;C:\Users\Juan Diego\.m2\repository\com\google\guava\guava\20.0\guava-20.0.jar;C:\Users\Juan Diego\.m2\repository\org\apache\felix\maven-bundle-plugin\4.1.0\maven-bundle-plugin-4.1.0.jar;C:\Users\Juan Diego\.m2\repository\org\osgi\org.osgi.core\4.3.1\org.osgi.core-4.3.1.jar;C:\Users\Juan Diego\.m2\repository\biz\aQute\bnd\biz.aQute.bndlib\4.1.0\biz.aQute.bndlib-4.1.0.jar;C:\Users\Juan Diego\.m2\repository\org\apache\felix\org.apache.felix.bundlerepository\1.6.6\org.apache.felix.bundlerepository-1.6.6.jar;C:\Users\Juan Diego\.m2\repository\org\easymock\easymock\2.4\easymock-2.4.jar;C:\Users\Juan Diego\.m2\repository\org\apache\felix\org.apache.felix.utils\1.6.0\org.apache.felix.utils-1.6.0.jar;C:\Users\Juan Diego\.m2\repository\org\osgi\org.osgi.compendium\4.2.0\org.osgi.compendium-4.2.0.jar;C:\Users\Juan Diego\.m2\repository\org\apache\maven\maven-core\2.2.0\maven-core-2.2.0.jar;C:\Users\Juan Diego\.m2\repository\org\apache\maven\maven-settings\2.2.0\maven-settings-2.2.0.jar;C:\Users\Juan Diego\.m2\repository\org\apache\maven\wagon\wagon-file\1.0-beta-6\wagon-file-1.0-beta-6.jar;C:\Users\Juan Diego\.m2\repository\org\apache\maven\maven-plugin-parameter-documenter\2.2.0\maven-plugin-parameter-documenter-2.2.0.jar;C:\Users\Juan Diego\.m2\repository\org\apache\maven\wagon\wagon-webdav-jackrabbit\1.0-beta-6\wagon-webdav-jackrabbit-1.0-beta-6.jar;C:\Users\Juan Diego\.m2\repository\org\apache\maven\wagon\wagon-http-shared\1.0-beta-6\wagon-http-shared-1.0-beta-6.jar;C:\Users\Juan Diego\.m2\repository\nekohtml\xercesMinimal\1.9.6.2\xercesMinimal-1.9.6.2.jar;C:\Users\Juan Diego\.m2\repository\nekohtml\nekohtml\1.9.6.2\nekohtml-1.9.6.2.jar;C:\Users\Juan Diego\.m2\repository\commons-httpclient\commons-httpclient\3.1\commons-httpclient-3.1.jar;C:\Users\Juan Diego\.m2\repository\commons-codec\commons-codec\1.11\commons-codec-1.11.jar;C:\Users\Juan Diego\.m2\repository\org\apache\jackrabbit\jackrabbit-webdav\1.5.0\jackrabbit-webdav-1.5.0.jar;C:\Users\Juan Diego\.m2\repository\org\apache\jackrabbit\jackrabbit-jcr-commons\1.5.0\jackrabbit-jcr-commons-1.5.0.jar;C:\Users\Juan Diego\.m2\repository\org\slf4j\slf4j-nop\1.7.25\slf4j-nop-1.7.25.jar;C:\Users\Juan Diego\.m2\repository\org\apache\maven\wagon\wagon-http\1.0-beta-6\wagon-http-1.0-beta-6.jar;C:\Users\Juan Diego\.m2\repository\org\slf4j\slf4j-jdk14\1.7.25\slf4j-jdk14-1.7.25.jar;C:\Users\Juan Diego\.m2\repository\org\slf4j\jcl-over-slf4j\1.7.25\jcl-over-slf4j-1.7.25.jar;C:\Users\Juan Diego\.m2\repository\org\apache\maven\reporting\maven-reporting-api\2.2.0\maven-reporting-api-2.2.0.jar;C:\Users\Juan Diego\.m2\repository\org\apache\maven\doxia\doxia-logging-api\1.1\doxia-logging-api-1.1.jar;C:\Users\Juan Diego\.m2\repository\org\apache\maven\maven-profile\2.2.0\maven-profile-2.2.0.jar;C:\Users\Juan Diego\.m2\repository\org\apache\maven\maven-model\2.2.0\maven-model-2.2.0.jar;C:\Users\Juan Diego\.m2\repository\org\apache\maven\maven-artifact\2.2.0\maven-artifact-2.2.0.jar;C:\Users\Juan Diego\.m2\repository\org\apache\maven\wagon\wagon-provider-api\1.0-beta-6\wagon-provider-api-1.0-beta-6.jar;C:\Users\Juan Diego\.m2\repository\org\codehaus\plexus\plexus-container-default\1.0-alpha-9-stable-1\plexus-container-default-1.0-alpha-9-stable-1.jar;C:\Users\Juan Diego\.m2\repository\org\apache\maven\maven-repository-metadata\2.2.0\maven-repository-metadata-2.2.0.jar;C:\Users\Juan Diego\.m2\repository\org\apache\maven\maven-error-diagnostics\2.2.0\maven-error-diagnostics-2.2.0.jar;C:\Users\Juan Diego\.m2\repository\org\apache\maven\maven-project\2.2.0\maven-project-2.2.0.jar;C:\Users\Juan Diego\.m2\repository\org\apache\maven\maven-plugin-registry\2.2.0\maven-plugin-registry-2.2.0.jar;C:\Users\Juan Diego\.m2\repository\commons-cli\commons-cli\1.2\commons-cli-1.2.jar;C:\Users\Juan Diego\.m2\repository\org\apache\maven\maven-plugin-api\2.2.0\maven-plugin-api-2.2.0.jar;C:\Users\Juan Diego\.m2\repository\org\apache\maven\wagon\wagon-ssh-external\1.0-beta-6\wagon-ssh-external-1.0-beta-6.jar;C:\Users\Juan Diego\.m2\repository\org\apache\maven\wagon\wagon-ssh-common\1.0-beta-6\wagon-ssh-common-1.0-beta-6.jar;C:\Users\Juan Diego\.m2\repository\org\apache\maven\maven-plugin-descriptor\2.2.0\maven-plugin-descriptor-2.2.0.jar;C:\Users\Juan Diego\.m2\repository\org\codehaus\plexus\plexus-interactivity-api\1.0-alpha-4\plexus-interactivity-api-1.0-alpha-4.jar;C:\Users\Juan Diego\.m2\repository\org\apache\maven\maven-artifact-manager\2.2.0\maven-artifact-manager-2.2.0.jar;C:\Users\Juan Diego\.m2\repository\backport-util-concurrent\backport-util-concurrent\3.1\backport-util-concurrent-3.1.jar;C:\Users\Juan Diego\.m2\repository\org\apache\maven\maven-monitor\2.2.0\maven-monitor-2.2.0.jar;C:\Users\Juan Diego\.m2\repository\org\apache\maven\wagon\wagon-ssh\1.0-beta-6\wagon-ssh-1.0-beta-6.jar;C:\Users\Juan Diego\.m2\repository\com\jcraft\jsch\0.1.38\jsch-0.1.38.jar;C:\Users\Juan Diego\.m2\repository\classworlds\classworlds\1.1\classworlds-1.1.jar;C:\Users\Juan Diego\.m2\repository\org\sonatype\plexus\plexus-sec-dispatcher\1.3\plexus-sec-dispatcher-1.3.jar;C:\Users\Juan Diego\.m2\repository\org\sonatype\plexus\plexus-cipher\1.4\plexus-cipher-1.4.jar;C:\Users\Juan Diego\.m2\repository\org\apache\maven\maven-archiver\2.6\maven-archiver-2.6.jar;C:\Users\Juan Diego\.m2\repository\org\apache\maven\shared\maven-shared-utils\0.7\maven-shared-utils-0.7.jar;C:\Users\Juan Diego\.m2\repository\com\google\code\findbugs\jsr305\2.0.1\jsr305-2.0.1.jar;C:\Users\Juan Diego\.m2\repository\org\codehaus\plexus\plexus-archiver\2.8.1\plexus-archiver-2.8.1.jar;C:\Users\Juan Diego\.m2\repository\org\codehaus\plexus\plexus-io\2.3.2\plexus-io-2.3.2.jar;C:\Users\Juan Diego\.m2\repository\org\apache\commons\commons-compress\1.9\commons-compress-1.9.jar;C:\Users\Juan Diego\.m2\repository\org\codehaus\plexus\plexus-interpolation\1.21\plexus-interpolation-1.21.jar;C:\Users\Juan Diego\.m2\repository\org\apache\maven\shared\maven-dependency-tree\2.1\maven-dependency-tree-2.1.jar;C:\Users\Juan Diego\.m2\repository\org\codehaus\plexus\plexus-component-annotations\1.5.5\plexus-component-annotations-1.5.5.jar;C:\Users\Juan Diego\.m2\repository\org\eclipse\aether\aether-util\0.9.0.M2\aether-util-0.9.0.M2.jar;C:\Users\Juan Diego\.m2\repository\org\codehaus\plexus\plexus-utils\3.0.10\plexus-utils-3.0.10.jar;C:\Users\Juan Diego\.m2\repository\org\sonatype\plexus\plexus-build-api\0.0.7\plexus-build-api-0.0.7.jar;C:\Users\Juan Diego\.m2\repository\org\apache\maven\doxia\doxia-sink-api\1.0\doxia-sink-api-1.0.jar;C:\Users\Juan Diego\.m2\repository\org\apache\maven\doxia\doxia-site-renderer\1.0\doxia-site-renderer-1.0.jar;C:\Users\Juan Diego\.m2\repository\org\apache\maven\doxia\doxia-core\1.0\doxia-core-1.0.jar;C:\Users\Juan Diego\.m2\repository\org\codehaus\plexus\plexus-i18n\1.0-beta-7\plexus-i18n-1.0-beta-7.jar;C:\Users\Juan Diego\.m2\repository\org\codehaus\plexus\plexus-velocity\1.1.7\plexus-velocity-1.1.7.jar;C:\Users\Juan Diego\.m2\repository\org\apache\velocity\velocity\1.5\velocity-1.5.jar;C:\Users\Juan Diego\.m2\repository\commons-lang\commons-lang\2.1\commons-lang-2.1.jar;C:\Users\Juan Diego\.m2\repository\oro\oro\2.0.8\oro-2.0.8.jar;C:\Users\Juan Diego\.m2\repository\org\apache\maven\doxia\doxia-decoration-model\1.0\doxia-decoration-model-1.0.jar;C:\Users\Juan Diego\.m2\repository\commons-collections\commons-collections\3.2\commons-collections-3.2.jar;C:\Users\Juan Diego\.m2\repository\org\apache\maven\doxia\doxia-module-apt\1.0\doxia-module-apt-1.0.jar;C:\Users\Juan Diego\.m2\repository\org\apache\maven\doxia\doxia-module-fml\1.0\doxia-module-fml-1.0.jar;C:\Users\Juan Diego\.m2\repository\org\apache\maven\doxia\doxia-module-xdoc\1.0\doxia-module-xdoc-1.0.jar;C:\Users\Juan Diego\.m2\repository\org\apache\maven\doxia\doxia-module-xhtml\1.0\doxia-module-xhtml-1.0.jar;C:\Users\Juan Diego\.m2\repository\org\jdom\jdom\1.1\jdom-1.1.jar;C:\Users\Juan Diego\.m2\repository\org\jetbrains\annotations\17.0.0\annotations-17.0.0.jar;"/>
    <property name="java.vm.vendor" value="Oracle Corporation"/>
    <property name="sun.arch.data.model" value="64"/>
    <property name="user.variant" value=""/>
    <property name="java.vendor.url" value="http://java.oracle.com/"/>
    <property name="user.timezone" value="Europe/Berlin"/>
    <property name="java.vm.specification.version" value="11"/>
    <property name="os.name" value="Windows 10"/>
    <property name="sun.java.launcher" value="SUN_STANDARD"/>
    <property name="user.country" value="GB"/>
    <property name="sun.boot.library.path" value="C:\Program Files\Java\jdk-11.0.2\bin"/>
    <property name="sun.java.command" value="C:\Users\JUANDI~1\AppData\Local\Temp\surefire6395394668398849163\surefirebooter11873077029951730556.jar C:\Users\Juan Diego\AppData\Local\Temp\surefire6395394668398849163 2019-05-03T19-14-07_379-jvmRun1 surefire3044267751135602273tmp surefire_013715535701355585484tmp"/>
    <property name="jdk.debug" value="release"/>
    <property name="surefire.test.class.path" value="C:\Users\Juan Diego\Documents\Delft\Computer Science\1st Year\3rd Quarter\OPP\target\test-classes;C:\Users\Juan Diego\Documents\Delft\Computer Science\1st Year\3rd Quarter\OPP\target\classes;C:\Users\Juan Diego\.m2\repository\junit\junit\4.13-beta-2\junit-4.13-beta-2.jar;C:\Users\Juan Diego\.m2\repository\org\hamcrest\hamcrest-core\1.3\hamcrest-core-1.3.jar;C:\Users\Juan Diego\.m2\repository\com\jfoenix\jfoenix\9.0.8\jfoenix-9.0.8.jar;C:\Users\Juan Diego\.m2\repository\org\openjfx\javafx-base\11.0.2\javafx-base-11.0.2.jar;C:\Users\Juan Diego\.m2\repository\org\openjfx\javafx-base\11.0.2\javafx-base-11.0.2-win.jar;C:\Users\Juan Diego\.m2\repository\org\openjfx\javafx-controls\11.0.2\javafx-controls-11.0.2.jar;C:\Users\Juan Diego\.m2\repository\org\openjfx\javafx-controls\11.0.2\javafx-controls-11.0.2-win.jar;C:\Users\Juan Diego\.m2\repository\org\openjfx\javafx-graphics\11.0.2\javafx-graphics-11.0.2.jar;C:\Users\Juan Diego\.m2\repository\org\openjfx\javafx-graphics\11.0.2\javafx-graphics-11.0.2-win.jar;C:\Users\Juan Diego\.m2\repository\org\openjfx\javafx-fxml\11.0.2\javafx-fxml-11.0.2.jar;C:\Users\Juan Diego\.m2\repository\org\openjfx\javafx-fxml\11.0.2\javafx-fxml-11.0.2-win.jar;C:\Users\Juan Diego\.m2\repository\com\sun\mail\javax.mail\1.6.2\javax.mail-1.6.2.jar;C:\Users\Juan Diego\.m2\repository\javax\activation\activation\1.1\activation-1.1.jar;C:\Users\Juan Diego\.m2\repository\org\junit\jupiter\junit-jupiter-api\5.3.2\junit-jupiter-api-5.3.2.jar;C:\Users\Juan Diego\.m2\repository\org\apiguardian\apiguardian-api\1.0.0\apiguardian-api-1.0.0.jar;C:\Users\Juan Diego\.m2\repository\org\opentest4j\opentest4j\1.1.1\opentest4j-1.1.1.jar;C:\Users\Juan Diego\.m2\repository\org\junit\platform\junit-platform-commons\1.3.2\junit-platform-commons-1.3.2.jar;C:\Users\Juan Diego\.m2\repository\org\mockito\mockito-all\1.9.5\mockito-all-1.9.5.jar;C:\Users\Juan Diego\.m2\repository\org\kordamp\ikonli\ikonli-javafx\2.4.0\ikonli-javafx-2.4.0.jar;C:\Users\Juan Diego\.m2\repository\org\kordamp\ikonli\ikonli-core\2.4.0\ikonli-core-2.4.0.jar;C:\Users\Juan Diego\.m2\repository\org\kordamp\ikonli\ikonli-fontawesome-pack\2.3.0\ikonli-fontawesome-pack-2.3.0.jar;C:\Users\Juan Diego\.m2\repository\org\kordamp\ikonli\ikonli-icomoon-pack\11.1.0\ikonli-icomoon-pack-11.1.0.jar;C:\Users\Juan Diego\.m2\repository\eu\hansolo\tilesfx\11.1\tilesfx-11.1.jar;C:\Users\Juan Diego\.m2\repository\com\googlecode\json-simple\json-simple\1.1.1\json-simple-1.1.1.jar;C:\Users\Juan Diego\.m2\repository\org\openjfx\javafx-controls\11.0.2\javafx-controls-11.0.2-mac.jar;C:\Users\Juan Diego\.m2\repository\org\openjfx\javafx-base\11.0.2\javafx-base-11.0.2-mac.jar;C:\Users\Juan Diego\.m2\repository\org\openjfx\javafx-media\11.0.2\javafx-media-11.0.2-mac.jar;C:\Users\Juan Diego\.m2\repository\org\openjfx\javafx-media\11.0.2\javafx-media-11.0.2-win.jar;C:\Users\Juan Diego\.m2\repository\org\openjfx\javafx-web\11.0.2\javafx-web-11.0.2-mac.jar;C:\Users\Juan Diego\.m2\repository\org\openjfx\javafx-web\11.0.2\javafx-web-11.0.2-win.jar;C:\Users\Juan Diego\.m2\repository\org\openjfx\javafx-media\11.0.2\javafx-media-11.0.2.jar;C:\Users\Juan Diego\.m2\repository\org\openjfx\javafx-graphics\11.0.2\javafx-graphics-11.0.2-mac.jar;C:\Users\Juan Diego\.m2\repository\org\springframework\boot\spring-boot-starter-web\2.1.3.RELEASE\spring-boot-starter-web-2.1.3.RELEASE.jar;C:\Users\Juan Diego\.m2\repository\org\springframework\boot\spring-boot-starter\2.1.3.RELEASE\spring-boot-starter-2.1.3.RELEASE.jar;C:\Users\Juan Diego\.m2\repository\org\springframework\boot\spring-boot-starter-logging\2.1.3.RELEASE\spring-boot-starter-logging-2.1.3.RELEASE.jar;C:\Users\Juan Diego\.m2\repository\ch\qos\logback\logback-classic\1.2.3\logback-classic-1.2.3.jar;C:\Users\Juan Diego\.m2\repository\ch\qos\logback\logback-core\1.2.3\logback-core-1.2.3.jar;C:\Users\Juan Diego\.m2\repository\org\apache\logging\log4j\log4j-to-slf4j\2.11.2\log4j-to-slf4j-2.11.2.jar;C:\Users\Juan Diego\.m2\repository\org\apache\logging\log4j\log4j-api\2.11.2\log4j-api-2.11.2.jar;C:\Users\Juan Diego\.m2\repository\org\slf4j\jul-to-slf4j\1.7.25\jul-to-slf4j-1.7.25.jar;C:\Users\Juan Diego\.m2\repository\javax\annotation\javax.annotation-api\1.3.2\javax.annotation-api-1.3.2.jar;C:\Users\Juan Diego\.m2\repository\org\yaml\snakeyaml\1.23\snakeyaml-1.23.jar;C:\Users\Juan Diego\.m2\repository\org\springframework\boot\spring-boot-starter-json\2.1.3.RELEASE\spring-boot-starter-json-2.1.3.RELEASE.jar;C:\Users\Juan Diego\.m2\repository\com\fasterxml\jackson\core\jackson-databind\2.9.8\jackson-databind-2.9.8.jar;C:\Users\Juan Diego\.m2\repository\com\fasterxml\jackson\core\jackson-annotations\2.9.0\jackson-annotations-2.9.0.jar;C:\Users\Juan Diego\.m2\repository\com\fasterxml\jackson\core\jackson-core\2.9.8\jackson-core-2.9.8.jar;C:\Users\Juan Diego\.m2\repository\com\fasterxml\jackson\datatype\jackson-datatype-jdk8\2.9.8\jackson-datatype-jdk8-2.9.8.jar;C:\Users\Juan Diego\.m2\repository\com\fasterxml\jackson\datatype\jackson-datatype-jsr310\2.9.8\jackson-datatype-jsr310-2.9.8.jar;C:\Users\Juan Diego\.m2\repository\com\fasterxml\jackson\module\jackson-module-parameter-names\2.9.8\jackson-module-parameter-names-2.9.8.jar;C:\Users\Juan Diego\.m2\repository\org\springframework\boot\spring-boot-starter-tomcat\2.1.3.RELEASE\spring-boot-starter-tomcat-2.1.3.RELEASE.jar;C:\Users\Juan Diego\.m2\repository\org\apache\tomcat\embed\tomcat-embed-core\9.0.16\tomcat-embed-core-9.0.16.jar;C:\Users\Juan Diego\.m2\repository\org\apache\tomcat\embed\tomcat-embed-el\9.0.16\tomcat-embed-el-9.0.16.jar;C:\Users\Juan Diego\.m2\repository\org\apache\tomcat\embed\tomcat-embed-websocket\9.0.16\tomcat-embed-websocket-9.0.16.jar;C:\Users\Juan Diego\.m2\repository\org\hibernate\validator\hibernate-validator\6.0.14.Final\hibernate-validator-6.0.14.Final.jar;C:\Users\Juan Diego\.m2\repository\javax\validation\validation-api\2.0.1.Final\validation-api-2.0.1.Final.jar;C:\Users\Juan Diego\.m2\repository\org\jboss\logging\jboss-logging\3.3.2.Final\jboss-logging-3.3.2.Final.jar;C:\Users\Juan Diego\.m2\repository\com\fasterxml\classmate\1.4.0\classmate-1.4.0.jar;C:\Users\Juan Diego\.m2\repository\org\springframework\spring-web\5.1.5.RELEASE\spring-web-5.1.5.RELEASE.jar;C:\Users\Juan Diego\.m2\repository\org\springframework\spring-beans\5.1.5.RELEASE\spring-beans-5.1.5.RELEASE.jar;C:\Users\Juan Diego\.m2\repository\org\springframework\spring-webmvc\5.1.5.RELEASE\spring-webmvc-5.1.5.RELEASE.jar;C:\Users\Juan Diego\.m2\repository\org\springframework\spring-aop\5.1.5.RELEASE\spring-aop-5.1.5.RELEASE.jar;C:\Users\Juan Diego\.m2\repository\org\springframework\spring-context\5.1.5.RELEASE\spring-context-5.1.5.RELEASE.jar;C:\Users\Juan Diego\.m2\repository\org\springframework\spring-expression\5.1.5.RELEASE\spring-expression-5.1.5.RELEASE.jar;C:\Users\Juan Diego\.m2\repository\org\springframework\boot\spring-boot-starter-test\2.1.3.RELEASE\spring-boot-starter-test-2.1.3.RELEASE.jar;C:\Users\Juan Diego\.m2\repository\org\assertj\assertj-core\3.11.1\assertj-core-3.11.1.jar;C:\Users\Juan Diego\.m2\repository\org\mockito\mockito-core\2.23.4\mockito-core-2.23.4.jar;C:\Users\Juan Diego\.m2\repository\net\bytebuddy\byte-buddy\1.9.10\byte-buddy-1.9.10.jar;C:\Users\Juan Diego\.m2\repository\net\bytebuddy\byte-buddy-agent\1.9.10\byte-buddy-agent-1.9.10.jar;C:\Users\Juan Diego\.m2\repository\org\objenesis\objenesis\2.6\objenesis-2.6.jar;C:\Users\Juan Diego\.m2\repository\org\hamcrest\hamcrest-library\1.3\hamcrest-library-1.3.jar;C:\Users\Juan Diego\.m2\repository\org\skyscreamer\jsonassert\1.5.0\jsonassert-1.5.0.jar;C:\Users\Juan Diego\.m2\repository\com\vaadin\external\google\android-json\0.0.20131108.vaadin1\android-json-0.0.20131108.vaadin1.jar;C:\Users\Juan Diego\.m2\repository\org\springframework\spring-core\5.1.5.RELEASE\spring-core-5.1.5.RELEASE.jar;C:\Users\Juan Diego\.m2\repository\org\springframework\spring-jcl\5.1.5.RELEASE\spring-jcl-5.1.5.RELEASE.jar;C:\Users\Juan Diego\.m2\repository\org\springframework\spring-test\5.1.5.RELEASE\spring-test-5.1.5.RELEASE.jar;C:\Users\Juan Diego\.m2\repository\org\xmlunit\xmlunit-core\2.6.2\xmlunit-core-2.6.2.jar;C:\Users\Juan Diego\.m2\repository\javax\xml\bind\jaxb-api\2.3.1\jaxb-api-2.3.1.jar;C:\Users\Juan Diego\.m2\repository\javax\activation\javax.activation-api\1.2.0\javax.activation-api-1.2.0.jar;C:\Users\Juan Diego\.m2\repository\org\hamcrest\hamcrest-all\1.3\hamcrest-all-1.3.jar;C:\Users\Juan Diego\.m2\repository\com\jayway\jsonpath\json-path\2.4.0\json-path-2.4.0.jar;C:\Users\Juan Diego\.m2\repository\net\minidev\json-smart\2.3\json-smart-2.3.jar;C:\Users\Juan Diego\.m2\repository\net\minidev\accessors-smart\1.2\accessors-smart-1.2.jar;C:\Users\Juan Diego\.m2\repository\org\ow2\asm\asm\5.0.4\asm-5.0.4.jar;C:\Users\Juan Diego\.m2\repository\org\slf4j\slf4j-api\1.7.25\slf4j-api-1.7.25.jar;C:\Users\Juan Diego\.m2\repository\postgresql\postgresql\9.1-901-1.jdbc4\postgresql-9.1-901-1.jdbc4.jar;C:\Users\Juan Diego\.m2\repository\org\springframework\boot\spring-boot-test\2.1.3.RELEASE\spring-boot-test-2.1.3.RELEASE.jar;C:\Users\Juan Diego\.m2\repository\org\springframework\boot\spring-boot\2.1.3.RELEASE\spring-boot-2.1.3.RELEASE.jar;C:\Users\Juan Diego\.m2\repository\org\springframework\boot\spring-boot-test-autoconfigure\2.1.3.RELEASE\spring-boot-test-autoconfigure-2.1.3.RELEASE.jar;C:\Users\Juan Diego\.m2\repository\org\springframework\boot\spring-boot-autoconfigure\2.1.3.RELEASE\spring-boot-autoconfigure-2.1.3.RELEASE.jar;C:\Users\Juan Diego\.m2\repository\com\google\guava\guava\20.0\guava-20.0.jar;C:\Users\Juan Diego\.m2\repository\org\apache\felix\maven-bundle-plugin\4.1.0\maven-bundle-plugin-4.1.0.jar;C:\Users\Juan Diego\.m2\repository\org\osgi\org.osgi.core\4.3.1\org.osgi.core-4.3.1.jar;C:\Users\Juan Diego\.m2\repository\biz\aQute\bnd\biz.aQute.bndlib\4.1.0\biz.aQute.bndlib-4.1.0.jar;C:\Users\Juan Diego\.m2\repository\org\apache\felix\org.apache.felix.bundlerepository\1.6.6\org.apache.felix.bundlerepository-1.6.6.jar;C:\Users\Juan Diego\.m2\repository\org\easymock\easymock\2.4\easymock-2.4.jar;C:\Users\Juan Diego\.m2\repository\org\apache\felix\org.apache.felix.utils\1.6.0\org.apache.felix.utils-1.6.0.jar;C:\Users\Juan Diego\.m2\repository\org\osgi\org.osgi.compendium\4.2.0\org.osgi.compendium-4.2.0.jar;C:\Users\Juan Diego\.m2\repository\org\apache\maven\maven-core\2.2.0\maven-core-2.2.0.jar;C:\Users\Juan Diego\.m2\repository\org\apache\maven\maven-settings\2.2.0\maven-settings-2.2.0.jar;C:\Users\Juan Diego\.m2\repository\org\apache\maven\wagon\wagon-file\1.0-beta-6\wagon-file-1.0-beta-6.jar;C:\Users\Juan Diego\.m2\repository\org\apache\maven\maven-plugin-parameter-documenter\2.2.0\maven-plugin-parameter-documenter-2.2.0.jar;C:\Users\Juan Diego\.m2\repository\org\apache\maven\wagon\wagon-webdav-jackrabbit\1.0-beta-6\wagon-webdav-jackrabbit-1.0-beta-6.jar;C:\Users\Juan Diego\.m2\repository\org\apache\maven\wagon\wagon-http-shared\1.0-beta-6\wagon-http-shared-1.0-beta-6.jar;C:\Users\Juan Diego\.m2\repository\nekohtml\xercesMinimal\1.9.6.2\xercesMinimal-1.9.6.2.jar;C:\Users\Juan Diego\.m2\repository\nekohtml\nekohtml\1.9.6.2\nekohtml-1.9.6.2.jar;C:\Users\Juan Diego\.m2\repository\commons-httpclient\commons-httpclient\3.1\commons-httpclient-3.1.jar;C:\Users\Juan Diego\.m2\repository\commons-codec\commons-codec\1.11\commons-codec-1.11.jar;C:\Users\Juan Diego\.m2\repository\org\apache\jackrabbit\jackrabbit-webdav\1.5.0\jackrabbit-webdav-1.5.0.jar;C:\Users\Juan Diego\.m2\repository\org\apache\jackrabbit\jackrabbit-jcr-commons\1.5.0\jackrabbit-jcr-commons-1.5.0.jar;C:\Users\Juan Diego\.m2\repository\org\slf4j\slf4j-nop\1.7.25\slf4j-nop-1.7.25.jar;C:\Users\Juan Diego\.m2\repository\org\apache\maven\wagon\wagon-http\1.0-beta-6\wagon-http-1.0-beta-6.jar;C:\Users\Juan Diego\.m2\repository\org\slf4j\slf4j-jdk14\1.7.25\slf4j-jdk14-1.7.25.jar;C:\Users\Juan Diego\.m2\repository\org\slf4j\jcl-over-slf4j\1.7.25\jcl-over-slf4j-1.7.25.jar;C:\Users\Juan Diego\.m2\repository\org\apache\maven\reporting\maven-reporting-api\2.2.0\maven-reporting-api-2.2.0.jar;C:\Users\Juan Diego\.m2\repository\org\apache\maven\doxia\doxia-logging-api\1.1\doxia-logging-api-1.1.jar;C:\Users\Juan Diego\.m2\repository\org\apache\maven\maven-profile\2.2.0\maven-profile-2.2.0.jar;C:\Users\Juan Diego\.m2\repository\org\apache\maven\maven-model\2.2.0\maven-model-2.2.0.jar;C:\Users\Juan Diego\.m2\repository\org\apache\maven\maven-artifact\2.2.0\maven-artifact-2.2.0.jar;C:\Users\Juan Diego\.m2\repository\org\apache\maven\wagon\wagon-provider-api\1.0-beta-6\wagon-provider-api-1.0-beta-6.jar;C:\Users\Juan Diego\.m2\repository\org\codehaus\plexus\plexus-container-default\1.0-alpha-9-stable-1\plexus-container-default-1.0-alpha-9-stable-1.jar;C:\Users\Juan Diego\.m2\repository\org\apache\maven\maven-repository-metadata\2.2.0\maven-repository-metadata-2.2.0.jar;C:\Users\Juan Diego\.m2\repository\org\apache\maven\maven-error-diagnostics\2.2.0\maven-error-diagnostics-2.2.0.jar;C:\Users\Juan Diego\.m2\repository\org\apache\maven\maven-project\2.2.0\maven-project-2.2.0.jar;C:\Users\Juan Diego\.m2\repository\org\apache\maven\maven-plugin-registry\2.2.0\maven-plugin-registry-2.2.0.jar;C:\Users\Juan Diego\.m2\repository\commons-cli\commons-cli\1.2\commons-cli-1.2.jar;C:\Users\Juan Diego\.m2\repository\org\apache\maven\maven-plugin-api\2.2.0\maven-plugin-api-2.2.0.jar;C:\Users\Juan Diego\.m2\repository\org\apache\maven\wagon\wagon-ssh-external\1.0-beta-6\wagon-ssh-external-1.0-beta-6.jar;C:\Users\Juan Diego\.m2\repository\org\apache\maven\wagon\wagon-ssh-common\1.0-beta-6\wagon-ssh-common-1.0-beta-6.jar;C:\Users\Juan Diego\.m2\repository\org\apache\maven\maven-plugin-descriptor\2.2.0\maven-plugin-descriptor-2.2.0.jar;C:\Users\Juan Diego\.m2\repository\org\codehaus\plexus\plexus-interactivity-api\1.0-alpha-4\plexus-interactivity-api-1.0-alpha-4.jar;C:\Users\Juan Diego\.m2\repository\org\apache\maven\maven-artifact-manager\2.2.0\maven-artifact-manager-2.2.0.jar;C:\Users\Juan Diego\.m2\repository\backport-util-concurrent\backport-util-concurrent\3.1\backport-util-concurrent-3.1.jar;C:\Users\Juan Diego\.m2\repository\org\apache\maven\maven-monitor\2.2.0\maven-monitor-2.2.0.jar;C:\Users\Juan Diego\.m2\repository\org\apache\maven\wagon\wagon-ssh\1.0-beta-6\wagon-ssh-1.0-beta-6.jar;C:\Users\Juan Diego\.m2\repository\com\jcraft\jsch\0.1.38\jsch-0.1.38.jar;C:\Users\Juan Diego\.m2\repository\classworlds\classworlds\1.1\classworlds-1.1.jar;C:\Users\Juan Diego\.m2\repository\org\sonatype\plexus\plexus-sec-dispatcher\1.3\plexus-sec-dispatcher-1.3.jar;C:\Users\Juan Diego\.m2\repository\org\sonatype\plexus\plexus-cipher\1.4\plexus-cipher-1.4.jar;C:\Users\Juan Diego\.m2\repository\org\apache\maven\maven-archiver\2.6\maven-archiver-2.6.jar;C:\Users\Juan Diego\.m2\repository\org\apache\maven\shared\maven-shared-utils\0.7\maven-shared-utils-0.7.jar;C:\Users\Juan Diego\.m2\repository\com\google\code\findbugs\jsr305\2.0.1\jsr305-2.0.1.jar;C:\Users\Juan Diego\.m2\repository\org\codehaus\plexus\plexus-archiver\2.8.1\plexus-archiver-2.8.1.jar;C:\Users\Juan Diego\.m2\repository\org\codehaus\plexus\plexus-io\2.3.2\plexus-io-2.3.2.jar;C:\Users\Juan Diego\.m2\repository\org\apache\commons\commons-compress\1.9\commons-compress-1.9.jar;C:\Users\Juan Diego\.m2\repository\org\codehaus\plexus\plexus-interpolation\1.21\plexus-interpolation-1.21.jar;C:\Users\Juan Diego\.m2\repository\org\apache\maven\shared\maven-dependency-tree\2.1\maven-dependency-tree-2.1.jar;C:\Users\Juan Diego\.m2\repository\org\codehaus\plexus\plexus-component-annotations\1.5.5\plexus-component-annotations-1.5.5.jar;C:\Users\Juan Diego\.m2\repository\org\eclipse\aether\aether-util\0.9.0.M2\aether-util-0.9.0.M2.jar;C:\Users\Juan Diego\.m2\repository\org\codehaus\plexus\plexus-utils\3.0.10\plexus-utils-3.0.10.jar;C:\Users\Juan Diego\.m2\repository\org\sonatype\plexus\plexus-build-api\0.0.7\plexus-build-api-0.0.7.jar;C:\Users\Juan Diego\.m2\repository\org\apache\maven\doxia\doxia-sink-api\1.0\doxia-sink-api-1.0.jar;C:\Users\Juan Diego\.m2\repository\org\apache\maven\doxia\doxia-site-renderer\1.0\doxia-site-renderer-1.0.jar;C:\Users\Juan Diego\.m2\repository\org\apache\maven\doxia\doxia-core\1.0\doxia-core-1.0.jar;C:\Users\Juan Diego\.m2\repository\org\codehaus\plexus\plexus-i18n\1.0-beta-7\plexus-i18n-1.0-beta-7.jar;C:\Users\Juan Diego\.m2\repository\org\codehaus\plexus\plexus-velocity\1.1.7\plexus-velocity-1.1.7.jar;C:\Users\Juan Diego\.m2\repository\org\apache\velocity\velocity\1.5\velocity-1.5.jar;C:\Users\Juan Diego\.m2\repository\commons-lang\commons-lang\2.1\commons-lang-2.1.jar;C:\Users\Juan Diego\.m2\repository\oro\oro\2.0.8\oro-2.0.8.jar;C:\Users\Juan Diego\.m2\repository\org\apache\maven\doxia\doxia-decoration-model\1.0\doxia-decoration-model-1.0.jar;C:\Users\Juan Diego\.m2\repository\commons-collections\commons-collections\3.2\commons-collections-3.2.jar;C:\Users\Juan Diego\.m2\repository\org\apache\maven\doxia\doxia-module-apt\1.0\doxia-module-apt-1.0.jar;C:\Users\Juan Diego\.m2\repository\org\apache\maven\doxia\doxia-module-fml\1.0\doxia-module-fml-1.0.jar;C:\Users\Juan Diego\.m2\repository\org\apache\maven\doxia\doxia-module-xdoc\1.0\doxia-module-xdoc-1.0.jar;C:\Users\Juan Diego\.m2\repository\org\apache\maven\doxia\doxia-module-xhtml\1.0\doxia-module-xhtml-1.0.jar;C:\Users\Juan Diego\.m2\repository\org\jdom\jdom\1.1\jdom-1.1.jar;C:\Users\Juan Diego\.m2\repository\org\jetbrains\annotations\17.0.0\annotations-17.0.0.jar;"/>
    <property name="sun.cpu.endian" value="little"/>
    <property name="user.home" value="C:\Users\Juan Diego"/>
    <property name="user.language" value="en"/>
    <property name="java.specification.vendor" value="Oracle Corporation"/>
    <property name="java.version.date" value="2019-01-15"/>
    <property name="java.home" value="C:\Program Files\Java\jdk-11.0.2"/>
    <property name="file.separator" value="\"/>
    <property name="basedir" value="C:\Users\Juan Diego\Documents\Delft\Computer Science\1st Year\3rd Quarter\OPP"/>
    <property name="java.vm.compressedOopsMode" value="32-bit"/>
    <property name="line.separator" value="&#10;"/>
    <property name="java.specification.name" value="Java Platform API Specification"/>
    <property name="java.vm.specification.vendor" value="Oracle Corporation"/>
    <property name="java.awt.graphicsenv" value="sun.awt.Win32GraphicsEnvironment"/>
    <property name="surefire.real.class.path" value="C:\Users\JUANDI~1\AppData\Local\Temp\surefire6395394668398849163\surefirebooter11873077029951730556.jar"/>
    <property name="user.script" value=""/>
    <property name="sun.management.compiler" value="HotSpot 64-Bit Tiered Compilers"/>
    <property name="java.runtime.version" value="11.0.2+9-LTS"/>
    <property name="user.name" value="Juan Diego"/>
    <property name="path.separator" value=";"/>
    <property name="os.version" value="10.0"/>
    <property name="java.runtime.name" value="Java(TM) SE Runtime Environment"/>
    <property name="file.encoding" value="Cp1252"/>
    <property name="java.vm.name" value="Java HotSpot(TM) 64-Bit Server VM"/>
    <property name="java.vendor.version" value="18.9"/>
    <property name="localRepository" value="C:\Users\Juan Diego\.m2\repository"/>
    <property name="java.vendor.url.bug" value="http://bugreport.java.com/bugreport/"/>
    <property name="java.io.tmpdir" value="C:\Users\JUANDI~1\AppData\Local\Temp\"/>
    <property name="java.version" value="11.0.2"/>
    <property name="user.dir" value="C:\Users\Juan Diego\Documents\Delft\Computer Science\1st Year\3rd Quarter\OPP"/>
    <property name="os.arch" value="amd64"/>
    <property name="java.vm.specification.name" value="Java Virtual Machine Specification"/>
    <property name="java.awt.printerjob" value="sun.awt.windows.WPrinterJob"/>
    <property name="sun.os.patch.level" value=""/>
    <property name="idea.version2019.1.1" value="true"/>
    <property name="java.library.path" value="C:\Program Files\Java\jdk-11.0.2\bin;C:\WINDOWS\Sun\Java\bin;C:\WINDOWS\system32;C:\WINDOWS;C:\Program Files (x86)\Common Files\Oracle\Java\javapath;C:\Program Files (x86)\NVIDIA Corporation\PhysX\Common;C:\ProgramData\Oracle\Java\javapath;C:\WINDOWS\system32;C:\WINDOWS;C:\WINDOWS\System32\Wbem;C:\WINDOWS\System32\WindowsPowerShell\v1.0\;C:\Program Files (x86)\HP\HP Performance Advisor;C:\WINDOWS\System32\OpenSSH\;C:\Program Files\nodejs\;C:\Program Files (x86)\Brackets\command;C:\Program Files\Git\cmd;C:\Program Files\Intel\WiFi\bin\;C:\Program Files\Common Files\Intel\WirelessCommon\;C:\Program Files (x86)\Intel\Intel(R) Management Engine Components\DAL;C:\Program Files\Intel\Intel(R) Management Engine Components\DAL;C:\Program Files\NVIDIA Corporation\NVIDIA NvDLISR;C:\Users\Juan Diego\scoop\shims;C:\Users\Juan Diego\AppData\Local\Programs\Python\Python36\Scripts\;C:\Users\Juan Diego\AppData\Local\Programs\Python\Python36\;C:\Users\Juan Diego\AppData\Local\Microsoft\WindowsApps;C:\Users\Juan Diego\AppData\Local\Programs\Microsoft VS Code\bin;C:\Users\Juan Diego\AppData\Roaming\npm;C:\Users\Juan Diego\AppData\Local\GitHubDesktop\bin;."/>
    <property name="java.vendor" value="Oracle Corporation"/>
    <property name="java.vm.info" value="mixed mode"/>
    <property name="java.vm.version" value="11.0.2+9-LTS"/>
    <property name="sun.io.unicode.encoding" value="UnicodeLittle"/>
    <property name="java.class.version" value="55.0"/>
  </properties>
  <testcase name="equals" classname="com.client.logic.FoodSurveyTest" time="0"/>
  <testcase name="setDietChoice" classname="com.client.logic.FoodSurveyTest" time="0"/>
  <testcase name="setAmountFoodCompost" classname="com.client.logic.FoodSurveyTest" time="0"/>
  <testcase name="setAmountLocalFood" classname="com.client.logic.FoodSurveyTest" time="0"/>
  <testcase name="setAmountOrganicFood" classname="com.client.logic.FoodSurveyTest" time="0"/>
  <testcase name="setAmountFoodPackaged" classname="com.client.logic.FoodSurveyTest" time="0"/>
  <testcase name="setAmountWastedFood" classname="com.client.logic.FoodSurveyTest" time="0"/>
</testsuite>